<?xml version="1.0" encoding="UTF-8"?>
<!-- Generated by org.testng.reporters.JUnitReportReporter -->
<testsuite skipped="0" hostname="DESKTOP-FMQ8U4V" name="lennoxProject.lennox" tests="1" failures="0" timestamp="2021-11-09T10:02:28 IST" time="18.343" errors="0">
  <testcase name="tc1" time="18.343" classname="lennoxProject.lennox"/>
  <system-out/>
</testsuite> <!-- lennoxProject.lennox -->
