<?xml version="1.0" encoding="UTF-8"?>
<!-- Generated by org.testng.reporters.JUnitReportReporter -->
<testsuite skipped="0" hostname="LAPTOP-KD9ESADT" name="lennoxProject.lennox" tests="1" failures="0" timestamp="2021-11-13T14:42:44 IST" time="35.142" errors="0">
  <testcase name="tc1" time="35.142" classname="lennoxProject.lennox"/>
  <system-out/>
</testsuite> <!-- lennoxProject.lennox -->
